Arguments: 
  C:\Program Files\nodejs\node.exe C:\Users\Beatrice\AppData\Roaming\npm\node_modules\yarn\bin\yarn.js add express

PATH: 
  C:\Users\Beatrice\bin;C:\Program Files\Git\mingw64\bin;C:\Program Files\Git\usr\local\bin;C:\Program Files\Git\usr\bin;C:\Program Files\Git\usr\bin;C:\Program Files\Git\mingw64\bin;C:\Program Files\Git\usr\bin;C:\Users\Beatrice\bin;C:\Windows\system32;C:\Windows;C:\Windows\System32\Wbem;C:\Windows\System32\WindowsPowerShell\v1.0;C:\Windows\System32\OpenSSH;C:\Android;C:\Windows\System32;C:\Program Files\nodejs;C:\Program Files\Git\cmd;C:\Users\Beatrice\AppData\Local\Microsoft\WindowsApps;C:\Users\Beatrice\AppData\Roaming\npm;C:\Users\Beatrice\AppData\Local\Programs\Microsoft VS Code\bin;C:\Program Files\Git\usr\bin\vendor_perl;C:\Program Files\Git\usr\bin\core_perl

Yarn version: 
  1.22.18

Node version: 
  17.6.0

Platform: 
  win32 x64

Trace: 
  Error: connect EHOSTUNREACH 104.16.18.35:443
      at TCPConnectWrap.afterConnect [as oncomplete] (node:net:1158:16)

npm manifest: 
  {
    "name": "day-3",
    "version": "1.0.0",
    "description": "My first API",
    "main": "index.js",
    "scripts": {
      "test": "echo \"Error: no test specified\" && exit 1"
    },
    "author": "Patience Louisa Mensah",
    "license": "ISC"
  }

yarn manifest: 
  No manifest

Lockfile: 
  No lockfile
